
ZALOM-Backup: Wed Feb 10 11:41:13 CET 2010
--------------------------------------------------------------
../../
../../fileadmin/ext
../../fileadmin/pageTSconfig
../../fileadmin/pageTSconfig/RTE.txt
../../log
../../log/mysqldump.log
../../log/backup.log
../../resources
../../resources/shell
../../resources/shell/mysqldump.sh
../../resources/shell/config.sh
../../resources/shell/backup.sh
../../resources/mysqldump
../../resources/mysqldump/zalomDump.sql
../../resources/backup
../../resources/backup/ZalomBackup_100210_11h17min55sec.tar.gz
../../resources/backup/ZalomBackup_100210_11h05min53sec.tar.gz
../../resources/backup/ZalomBackup_100210_11h04min56sec.tar.gz
../../resources/backup/ZalomBackup_100210_11h28min40sec.tar.gz
../../resources/backup/ZalomBackup_100210_11h05min36sec.tar.gz
../../resources/backup/ZalomBackup_100210_11h17min05sec.tar.gz
../../resources/backup/ZalomBackup_100210_11h07min05sec.tar.gz
../../resources/backup/ZalomBackup_100210_11h04min34sec.tar.gz
../../resources/backup/ZalomBackup_100210_11h31min13sec.tar.gz

ZALOM-Backup: Wed Feb 10 11:44:46 CET 2010
--------------------------------------------------------------
../../
../../fileadmin/ext
../../fileadmin/pageTSconfig
../../fileadmin/pageTSconfig/RTE.txt
../../log
../../log/mysqldump.log
../../log/backup.log
../../resources
../../resources/shell
../../resources/shell/getData.sh
../../resources/shell/mysqldump.sh
../../resources/shell/config.sh
../../resources/shell/backup.sh
../../resources/mysqldump
../../resources/backup
../../resources/backup/ZalomBackup_100210_11h41min13sec.tar.gz

ZALOM-Backup: Wed Feb 10 16:08:19 CET 2010
--------------------------------------------------------------
../../db-backup
../../usr
../../usr/zalomdev/logs/zalomdev.ch.error.log
../../usr/zalomdev/logs/zalomdev.ch.access.log
../../usr/zalomdev/.bash_history
../../usr/zalomdev/public_html/typo3conf
../../usr/zalomdev/public_html/typo3conf/ENABLE_INSTALL_TOOL
../../usr/zalomdev/public_html/typo3conf/localconf.php
../../usr/zalomdev/public_html/typo3conf/temp_CACHED_psd53f_ext_localconf.php
../../usr/zalomdev/public_html/typo3conf/temp_CACHED_psd53f_ext_tables.php
../../usr/zalomdev/public_html/typo3conf/ext
../../usr/zalomdev/public_html/typo3conf/deprecation_032fa245a7.log
../../usr/zalomdev/public_html/typo3conf/l10n
../../usr/zalomdev/public_html/typo3conf/l10n/de
../../usr/zalomdev/public_html/typo3conf/l10n/de/t3jquery
../../usr/zalomdev/public_html/typo3conf/l10n/de/t3jquery/mod1
../../usr/zalomdev/public_html/fileadmin
../../usr/zalomdev/public_html/fileadmin/templates
../../usr/zalomdev/public_html/fileadmin/templates/css
../../usr/zalomdev/public_html/fileadmin/templates/css/page_base.css
../../usr/zalomdev/public_html/fileadmin/_temp_
../../usr/zalomdev/public_html/uploads
../../usr/zalomdev/public_html/uploads/tf
../../usr/zalomdev/public_html/uploads/pics
../../usr/zalomdev/public_html/uploads/media
../../usr/zalomdev/public_html/typo3temp
../../usr/zalomdev/public_html/typo3temp/wizard_sortpages-l10n-de.zip
../../usr/zalomdev/public_html/typo3temp/t3jquery-l10n-de.zip
../../usr/zalomdev/public_html/typo3temp/wizard_crpages-l10n-de.zip
../../usr/zalomdev/public_html/typo3temp/info_pagetsconfig-l10n-de.zip
../../usr/zalomdev/public_html/typo3temp/direct_mail-l10n-de.zip
../../usr/zalomdev/public_html/typo3temp/opendocs-l10n-de.zip
../../usr/zalomdev/public_html/typo3temp/version-l10n-de.zip
../../usr/zalomdev/public_html/typo3temp/recycler-l10n-de.zip
../../usr/zalomdev/public_html/typo3temp/lang-l10n-de.zip
../../usr/zalomdev/public_html/typo3temp/sr_freecap-l10n-de.zip
../../usr/zalomdev/public_html/typo3temp/powermail-l10n-de.zip
../../usr/zalomdev/public_html/typo3temp/setup-l10n-de.zip
../../usr/zalomdev/public_html/typo3temp/reports-l10n-de.zip
../../usr/zalomdev/public_html/typo3temp/pics
../../usr/zalomdev/public_html/typo3temp/impexp-l10n-de.zip
../../usr/zalomdev/public_html/typo3temp/sr_email_subscribe-l10n-de.zip
../../usr/zalomdev/public_html/typo3temp/templavoila-l10n-de.zip
../../usr/zalomdev/public_html/typo3temp/locks
../../usr/zalomdev/public_html/typo3temp/taskcenter-l10n-de.zip
../../usr/zalomdev/public_html/typo3temp/context_help-l10n-de.zip
../../usr/zalomdev/public_html/typo3temp/css_styled_content-l10n-de.zip
../../usr/zalomdev/public_html/typo3temp/temp
../../usr/zalomdev/public_html/typo3temp/lowlevel-l10n-de.zip
../../usr/zalomdev/public_html/typo3temp/func_wizards-l10n-de.zip
../../usr/zalomdev/public_html/typo3temp/GB
../../usr/zalomdev/public_html/typo3temp/aboutmodules-l10n-de.zip
../../usr/zalomdev/public_html/typo3temp/felogin-l10n-de.zip
../../usr/zalomdev/public_html/typo3temp/tt_address-l10n-de.zip
../../usr/zalomdev/public_html/typo3temp/wec_map-l10n-de.zip
../../usr/zalomdev/public_html/typo3temp/llxml
../../usr/zalomdev/public_html/typo3temp/llxml/EXT_ng.xml_1fba907e09.de.utf-8.cache
../../usr/zalomdev/public_html/typo3temp/llxml/EXT_ng.xml_cf8174d823.de.utf-8.cache
../../usr/zalomdev/public_html/typo3temp/llxml/EXT_ng.xml_cf0ed9f4b9.de.utf-8.cache
../../usr/zalomdev/public_html/typo3temp/llxml/csh_scheduler.x_f29880e77d.de.utf-8.cache
../../usr/zalomdev/public_html/typo3temp/llxml/view_help.xml_3c1a8e887d.de.utf-8.cache
../../usr/zalomdev/public_html/typo3temp/llxml/EXT_ng.xml_e84e68dbbf.de.utf-8.cache
../../usr/zalomdev/public_html/typo3temp/llxml/xml_c7cf65c783.de.utf-8.cache
../../usr/zalomdev/public_html/typo3temp/llxml/xml_80cb676d23.de.utf-8.cache
../../usr/zalomdev/public_html/typo3temp/llxml/xml_aba5479a02.de.utf-8.cache
../../usr/zalomdev/public_html/typo3temp/llxml/EXT_ng_mod.xml_2625bd294e.de.utf-8.cache
../../usr/zalomdev/public_html/typo3temp/llxml/EXT_ng.xml_f7dcb88fce.de.utf-8.cache
../../usr/zalomdev/public_html/typo3temp/llxml/EXT_ng_csh_schedule_cf15ae6abb.de.utf-8.cache
../../usr/zalomdev/public_html/typo3temp/llxml/mod2-6.xml_b663e9ca4c.de.utf-8.cache
../../usr/zalomdev/public_html/typo3temp/llxml/xml_bf3df58933.de.utf-8.cache
../../usr/zalomdev/public_html/typo3temp/llxml/xml_d295872f72.de.utf-8.cache
../../usr/zalomdev/public_html/typo3temp/tstemplate_info-l10n-de.zip
../../usr/zalomdev/public_html/typo3temp/tstemplate_objbrowser-l10n-de.zip
../../usr/zalomdev/public_html/typo3temp/cal-l10n-de.zip
../../usr/zalomdev/public_html/typo3temp/rtehtmlarea-l10n-de.zip
../../usr/zalomdev/public_html/typo3temp/sessions66f4f4621ef6ae7fe8f61f56aee6d4f3
../../usr/zalomdev/public_html/typo3temp/sessions66f4f4621ef6ae7fe8f61f56aee6d4f3/hash_40a706d8449bc1aad3f5308faf354d27
../../usr/zalomdev/public_html/typo3temp/sessions66f4f4621ef6ae7fe8f61f56aee6d4f3/hash_03901b7a5b939118c302bf7911614bce
../../usr/zalomdev/public_html/typo3temp/sr_feuser_register-l10n-de.zip
../../usr/zalomdev/public_html/typo3temp/belog-l10n-de.zip
../../usr/zalomdev/public_html/typo3temp/tstemplate-l10n-de.zip
../../usr/zalomdev/public_html/typo3temp/tstemplate_ceditor-l10n-de.zip
../../usr/zalomdev/public_html/typo3temp/scheduler-l10n-de.zip
../../usr/zalomdev/public_html/typo3temp/sv-l10n-de.zip
../../usr/zalomdev/public_html/typo3temp/beuser-l10n-de.zip
../../usr/zalomdev/public_html/typo3temp/ve_guestbook-l10n-de.zip
../../usr/zalomdev/public_html/typo3temp/extensions.xml.gz
../../usr/zalomdev/public_html/typo3temp/cs
../../usr/zalomdev/public_html/typo3temp/cms-l10n-de.zip
../../usr/zalomdev/public_html/typo3temp/extra_page_cm_options-l10n-de.zip
../../usr/zalomdev/public_html/typo3temp/tstemplate_analyzer-l10n-de.zip
../../usr/zalomdev/public_html/typo3temp/tsconfig_help-l10n-de.zip
../../usr/zalomdev/public_html/typo3temp/install-l10n-de.zip
../../usr/zalomdev/public_html/typo3temp/viewpage-l10n-de.zip
../../usr/zalomdev/public_html/typo3temp/static_info_tables-l10n-de.zip
../../usr/zalomdev/public_html/typo3temp/sys_note-l10n-de.zip
../../usr/zalomdev/public_html/typo3temp/indexed_search-l10n-de.zip
../../usr/zalomdev/public_html/typo3temp/t3editor-l10n-de.zip
../../admin/backup
../../admin/backup/domain
../../admin/backup/domain/home_10.02.2010_1332.tar
../../admin/backup/domain/mysqldump_2010-02-10-1332.sql.gz
../../admin/backup/domain/mysqlpass
../../admin/backup/test07
../../admin/backup/test07/home_10.02.2010_1521.tar
../../admin/backup/test07/mysqldump_2010-02-10-1521.sql.gz
../../admin/backup/test07/mysqlpass
../../admin/backup/test
../../admin/backup/test/mysqldump_2010-02-10-1456.sql.gz
../../admin/backup/test/mysqlpass
../../admin/backup/test/home_10.02.2010_1456.tar

ZALOM-Backup: Wed Feb 10 16:09:58 CET 2010
--------------------------------------------------------------
../../
../../.htaccess
../../fileadmin/pageTSconfig
../../fileadmin/pageTSconfig/RTE.txt
../../log
../../log/mysqldump.log
../../log/backup.log
../../resources
../../resources/shell
../../resources/shell/getData.sh
../../resources/shell/mysqldump.sh
../../resources/shell/config.sh
../../resources/shell/clearInstallData.sh
../../resources/shell/getDataForLocalExtensionInstallation.sh
../../resources/shell/backupStart.sh
../../resources/shell/backup.sh
../../resources/mysqldump
../../resources/documents
../../resources/documents/install.zalom
../../resources/backup
../../resources/backup/ZalomBackup_100210_11h41min13sec.tar.gz
../../resources/backup/ZalomBackup_100210_11h44min46sec.tar.gz
../../_ChangeLog.zalom

ZALOM-Backup: Wed Feb 10 16:11:10 CET 2010
--------------------------------------------------------------
../../
../../.htaccess
../../fileadmin/pageTSconfig
../../fileadmin/pageTSconfig/RTE.txt
../../log
../../log/mysqldump.log
../../log/backup.log
../../resources
../../resources/shell
../../resources/shell/getData.sh
../../resources/shell/mysqldump.sh
../../resources/shell/config.sh
../../resources/shell/clearInstallData.sh
../../resources/shell/getDataForLocalExtensionInstallation.sh
../../resources/shell/backupStart.sh
../../resources/shell/backup.sh
../../resources/mysqldump
../../resources/documents
../../resources/documents/install.zalom
../../resources/backup
../../resources/backup/ZalomBackup_100210_16h09min57sec.tar.gz
../../resources/backup/ZalomBackup_100210_11h41min13sec.tar.gz
../../resources/backup/ZalomBackup_100210_11h44min46sec.tar.gz
../../_ChangeLog.zalom

ZALOM-Backup: Wed Feb 10 16:40:01 CET 2010
--------------------------------------------------------------
../../
../../.htaccess
../../fileadmin/pageTSconfig
../../fileadmin/pageTSconfig/RTE.txt
../../log
../../log/mysqldump.log
../../log/backup.log
../../resources
../../resources/shell
../../resources/shell/getData.sh
../../resources/shell/mysqldump.sh
../../resources/shell/config.sh
../../resources/shell/clearInstallData.sh
../../resources/shell/getDataForLocalExtensionInstallation.sh
../../resources/shell/backupStart.sh
../../resources/shell/backup.sh
../../resources/mysqldump
../../resources/documents
../../resources/documents/install.zalom
../../resources/backup
../../_ChangeLog.zalom

ZALOM-Backup: Wed Feb 10 16:52:47 CET 2010
--------------------------------------------------------------
../../
../../.htaccess
../../_ToDo.zalom
../../fileadmin/pageTSconfig
../../fileadmin/pageTSconfig/RTE.txt
../../log
../../log/mysqldump.log
../../log/backup.log
../../resources
../../resources/shell
../../resources/shell/getData.sh
../../resources/shell/mysqldump.sh
../../resources/shell/config.sh
../../resources/shell/clearInstallData.sh
../../resources/shell/getDataForLocalExtensionInstallation.sh
../../resources/shell/backupStart.sh
../../resources/shell/backup.sh
../../resources/mysqldump
../../resources/documents
../../resources/documents/install.zalom
../../resources/backup
../../resources/backup/ZalomBackup_100210_16h40min01sec.tar.gz
../../_ChangeLog.zalom

ZALOM-Backup: Wed Feb 10 16:53:02 CET 2010
--------------------------------------------------------------
../../
../../.htaccess
../../_ToDo.zalom
../../fileadmin/pageTSconfig
../../fileadmin/pageTSconfig/RTE.txt
../../log
../../log/mysqldump.log
../../log/backup.log
../../resources
../../resources/shell
../../resources/shell/getData.sh
../../resources/shell/mysqldump.sh
../../resources/shell/config.sh
../../resources/shell/clearInstallData.sh
../../resources/shell/getDataForLocalExtensionInstallation.sh
../../resources/shell/backupStart.sh
../../resources/shell/backup.sh
../../resources/mysqldump
../../resources/documents
../../resources/documents/install.zalom
../../resources/backup
../../resources/backup/ZalomBackup_100210_16h52min47sec.tar.gz
../../resources/backup/ZalomBackup_100210_16h40min01sec.tar.gz
../../_ChangeLog.zalom

ZALOM-Backup: Thu Feb 11 00:00:01 CET 2010
--------------------------------------------------------------
../../
../../.htaccess
../../_ToDo.zalom
../../fileadmin/pageTSconfig
../../fileadmin/pageTSconfig/RTE.txt
../../log
../../log/mysqldump.log
../../log/backup.log
../../resources
../../resources/shell
../../resources/shell/getData.sh
../../resources/shell/mysqldump.sh
../../resources/shell/config.sh
../../resources/shell/clearInstallData.sh
../../resources/shell/getDataForLocalExtensionInstallation.sh
../../resources/shell/backupStart.sh
../../resources/shell/backup.sh
../../resources/mysqldump
../../resources/documents
../../resources/documents/install.zalom
../../resources/backup
../../resources/backup/ZalomBackup_100210_16h40min01sec.tar.gz
../../_ChangeLog.zalom

NO-Backup: Fri Feb 12 00:00:01 CET 2010
--------------------------------------------------------------
../../log/backup.log

NO-Backup: Sat Feb 13 00:00:01 CET 2010
--------------------------------------------------------------
../../log/backup.log

NO-Backup: Sun Feb 14 00:00:01 CET 2010
--------------------------------------------------------------
../../log/backup.log

NO-Backup: Mon Feb 15 00:00:01 CET 2010
--------------------------------------------------------------
../../log/backup.log

ZALOM-Backup: Tue Feb 16 00:00:02 CET 2010
--------------------------------------------------------------
../../
../../_ToDo.zalom
../../fileadmin/ts/ext.felogin
../../fileadmin/ts/ext.felogin/setup.txt
../../fileadmin/ts/ext.indexed_search
../../fileadmin/ts/ext.indexed_search/setup.txt
../../fileadmin/ts/config
../../fileadmin/ts/config/setup.txt
../../fileadmin/ts/lib.search
../../fileadmin/ts/lib.search/setup.txt
../../fileadmin/ext
../../log/backup.log
../../_ChangeLog.zalom

ZALOM-Backup: Wed Feb 17 00:00:01 CET 2010
--------------------------------------------------------------
../../
../../.htaccess
../../_ToDo.zalom
../../ext_tables.php
../../fileadmin/userTSconfig
../../fileadmin/userTSconfig/admin.txt
../../fileadmin/ts
../../fileadmin/ts/ce.col3_content_content.slide
../../fileadmin/ts/ce.col3_content_content.slide/setup.txt
../../fileadmin/ts/ce.teaser_content.slide
../../fileadmin/ts/ce.teaser_content.slide/setup.txt
../../fileadmin/ts/ce.col2_content_content.slide
../../fileadmin/ts/ce.col2_content_content.slide/setup.txt
../../fileadmin/ts/ce.header_content.slide
../../fileadmin/ts/ce.header_content.slide/setup.txt
../../fileadmin/ts/ce.col1_content_content.slide
../../fileadmin/ts/ce.col1_content_content.slide/setup.txt
../../fileadmin/ts/ext.templavoila
../../fileadmin/ts/ext.templavoila/setup.txt
../../fileadmin/ts/lib.impressum
../../fileadmin/ts/lib.impressum/setup.txt
../../fileadmin/ts/ce.footer_content.slide
../../fileadmin/ts/ce.footer_content.slide/setup.txt
../../fileadmin/pageTSconfig
../../fileadmin/pageTSconfig/direct_mail.txt
../../fileadmin/pageTSconfig/RTE.txt
../../log/backup.log
../../_ChangeLog.zalom

ZALOM-Backup: Thu Feb 18 00:00:01 CET 2010
--------------------------------------------------------------
../../
../../ext_emconf.php
../../_ToDo.zalom
../../ext_tables.php
../../fileadmin/userTSconfig
../../fileadmin/userTSconfig/editor.txt
../../fileadmin/ts/tt_content
../../fileadmin/ts/tt_content/setup.txt
../../fileadmin/ts/config
../../fileadmin/ts/config/setup.txt
../../fileadmin/ts/ext.direct_mail
../../fileadmin/ts/ext.direct_mail/setup.txt
../../fileadmin/ts/lib.stdheader
../../fileadmin/ts/lib.stdheader/setup.txt
../../fileadmin/pageTSconfig
../../fileadmin/pageTSconfig/BE.txt
../../log/backup.log
../../ext_conf_template.txt
../../_ChangeLog.zalom

NO-Backup: Fri Feb 19 00:00:02 CET 2010
--------------------------------------------------------------
../../log/backup.log

NO-Backup: Sat Feb 20 00:00:01 CET 2010
--------------------------------------------------------------
../../log/backup.log

NO-Backup: Sun Feb 21 00:00:01 CET 2010
--------------------------------------------------------------
../../log/backup.log

NO-Backup: Mon Feb 22 00:00:01 CET 2010
--------------------------------------------------------------
../../log/backup.log

ZALOM-Backup: Tue Feb 23 00:00:02 CET 2010
--------------------------------------------------------------
../../
../../_ToDo.zalom
../../fileadmin/ts/ext.felogin
../../fileadmin/ts/ext.felogin/setup.txt
../../fileadmin/ts/ext.powermail
../../fileadmin/ts/ext.powermail/constants.txt
../../log/backup.log
../../_ChangeLog.zalom

ZALOM-Backup: Wed Feb 24 00:00:03 CET 2010
--------------------------------------------------------------
../../
../../_ToDo.zalom
../../fileadmin/ts/ext.felogin
../../fileadmin/ts/ext.felogin/setup.txt
../../log/mysqldump.log
../../log/backup.log
../../resources/mysqldump
../../resources/mysqldump/zalomDump.sql
../../resources/documents
../../resources/documents/install.zalom
../../_ChangeLog.zalom

NO-Backup: Thu Feb 25 00:00:01 CET 2010
--------------------------------------------------------------
../../log/backup.log
